15:55:06.177 [main] INFO  - Goto my account-->Click on Login.. 
15:55:06.382 [main] INFO  - Entering email and password.. 
15:55:06.888 [main] INFO  - clicked on login button...
16:12:18.747 [main] INFO  - Goto my account-->Click on Login.. 
16:12:18.944 [main] INFO  - Entering email and password.. 
16:12:19.371 [main] INFO  - clicked on login button...
16:12:21.449 [main] INFO  - Goto my account-->Click on Login.. 
16:12:21.639 [main] INFO  - Entering email and password.. 
16:12:22.126 [main] INFO  - clicked on login button...
16:15:23.366 [main] INFO  - Goto my account-->Click on Login.. 
16:15:23.560 [main] INFO  - Entering email and password.. 
16:15:23.938 [main] INFO  - clicked on login button...
16:15:36.259 [main] INFO  - Goto my account-->Click on Login.. 
16:15:36.465 [main] INFO  - Entering email and password.. 
16:15:36.994 [main] INFO  - clicked on login button...
16:17:07.933 [main] INFO  - Goto my account-->Click on Login.. 
16:17:08.124 [main] INFO  - Entering email and password.. 
16:17:08.543 [main] INFO  - clicked on login button...
16:17:20.948 [main] INFO  - Goto my account-->Click on Login.. 
16:17:21.137 [main] INFO  - Entering email and password.. 
16:17:21.604 [main] INFO  - clicked on login button...
17:40:49.139 [main] INFO  - Goto my account-->Click on Login.. 
17:40:49.324 [main] INFO  - Entering email and password.. 
17:40:49.687 [main] INFO  - clicked on login button...
17:41:01.967 [main] INFO  - Goto my account-->Click on Login.. 
17:41:02.166 [main] INFO  - Entering email and password.. 
17:41:02.621 [main] INFO  - clicked on login button...
18:49:15.904 [main] INFO  - Goto my account-->Click on Login.. 
18:49:16.145 [main] DEBUG - Parsing relationship: /xl/_rels/workbook.xml.rels
18:49:16.146 [main] DEBUG - Parsing relationship: /xl/worksheets/_rels/sheet1.xml.rels
18:49:16.146 [main] DEBUG - Parsing relationship: /_rels/.rels
18:49:16.199 [main] TRACE - Loading type system org.apache.poi.schemas.ooxml.system.ooxml
18:49:16.200 [main] TRACE - Loading type system org.apache.xmlbeans.metadata.system.sXMLCONFIG
18:49:16.201 [main] TRACE - Loading type system org.apache.xmlbeans.metadata.system.sXMLLANG
18:49:16.201 [main] TRACE - Loading type system org.apache.xmlbeans.metadata.system.sXMLSCHEMA
18:49:16.201 [main] TRACE - Loading type system org.apache.xmlbeans.metadata.system.sXMLTOOLS
18:49:16.201 [main] TRACE - Reading unresolved handles for type system org.apache.xmlbeans.metadata.system.sXMLTOOLS
18:49:16.205 [main] TRACE - Finished loading type system org.apache.xmlbeans.metadata.system.sXMLTOOLS
18:49:16.205 [main] TRACE - Reading unresolved handles for type system org.apache.xmlbeans.metadata.system.sXMLSCHEMA
18:49:16.208 [main] TRACE - Finished loading type system org.apache.xmlbeans.metadata.system.sXMLSCHEMA
18:49:16.208 [main] TRACE - Reading unresolved handles for type system org.apache.xmlbeans.metadata.system.sXMLLANG
18:49:16.208 [main] TRACE - Finished loading type system org.apache.xmlbeans.metadata.system.sXMLLANG
18:49:16.208 [main] TRACE - Reading unresolved handles for type system org.apache.xmlbeans.metadata.system.sXMLCONFIG
18:49:16.209 [main] TRACE - Finished loading type system org.apache.xmlbeans.metadata.system.sXMLCONFIG
18:49:16.209 [main] TRACE - Reading unresolved handles for type system org.apache.poi.schemas.ooxml.system.ooxml
18:49:16.245 [main] TRACE - Finished loading type system org.apache.poi.schemas.ooxml.system.ooxml
18:49:16.246 [main] TRACE - Resolving type for handle themefd26doctype
18:49:16.262 [main] TRACE - Resolving type for handle stylesheet5d8bdoctype
18:49:16.266 [main] TRACE - Resolving type for handle ctstylesheet4257type
18:49:16.268 [main] TRACE - Resolving type for handle ctcolors6579type
18:49:16.269 [main] TRACE - Resolving type for handle ctindexedcolorsa0a0type
18:49:16.272 [main] TRACE - Resolving type for handle ctrgbcolor95dftype
18:49:16.272 [main] TRACE - Resolving type for handle stunsignedinthex27datype
18:49:16.275 [main] TRACE - Resolving type for handle ctnumfmtsb58btype
18:49:16.276 [main] TRACE - Resolving type for handle ctnumfmt3870type
18:49:16.276 [main] TRACE - Resolving type for handle stnumfmtid76fbtype
18:49:16.278 [main] TRACE - Resolving type for handle stxstringf179type
18:49:16.279 [main] TRACE - Resolving type for handle ctfonts6623type
18:49:16.280 [main] TRACE - Resolving type for handle ctfont14d8type
18:49:16.282 [main] TRACE - Resolving type for handle ctfills2c6ftype
18:49:16.282 [main] TRACE - Resolving type for handle ctfill550ctype
18:49:16.283 [main] TRACE - Resolving type for handle ctborders0d66type
18:49:16.284 [main] TRACE - Resolving type for handle ctborderf935type
18:49:16.285 [main] TRACE - Resolving type for handle ctcellxfs1322type
18:49:16.285 [main] TRACE - Resolving type for handle ctxf97f7type
18:49:16.286 [main] TRACE - Resolving type for handle ctcellstylexfsa81ftype
18:49:16.288 [main] TRACE - Resolving type for handle sstf81fdoctype
18:49:16.289 [main] TRACE - Resolving type for handle ctsst44f3type
18:49:16.290 [main] TRACE - Resolving type for handle ctrsta472type
18:49:16.296 [main] TRACE - Resolving type for handle workbookec17doctype
18:49:16.297 [main] TRACE - Resolving type for handle ctworkbook83c3type
18:49:16.299 [main] TRACE - Resolving type for handle ctsheets49fdtype
18:49:16.300 [main] TRACE - Resolving type for handle ctsheet4dbetype
18:49:16.300 [main] TRACE - Resolving type for handle strelationshipid1e94type
18:49:16.301 [main] TRACE - Resolving type for handle worksheetf539doctype
18:49:16.303 [main] TRACE - Resolving type for handle ctworksheet530dtype
18:49:16.306 [main] TRACE - Resolving type for handle ctcols627ctype
18:49:16.307 [main] TRACE - Resolving type for handle ctcola95ftype
18:49:16.312 [main] TRACE - Resolving type for handle ctsheetdata8408type
18:49:16.313 [main] TRACE - Resolving type for handle ctrowdd39type
18:49:16.314 [main] TRACE - Resolving type for handle ctcell842btype
18:49:16.317 [main] TRACE - Resolving type for handle stcellrefe4e0type
18:49:16.318 [main] TRACE - Resolving type for handle cthyperlinks6416type
18:49:16.319 [main] TRACE - Resolving type for handle cthyperlink0c85type
18:49:16.321 [main] TRACE - Resolving type for handle stcelltypebf95type
18:49:19.043 [main] INFO  - Goto my account-->Click on Login.. 
18:49:19.263 [main] DEBUG - Parsing relationship: /xl/_rels/workbook.xml.rels
18:49:19.263 [main] DEBUG - Parsing relationship: /xl/worksheets/_rels/sheet1.xml.rels
18:49:19.264 [main] DEBUG - Parsing relationship: /_rels/.rels
18:49:31.643 [main] INFO  - Goto my account-->Click on Login.. 
18:49:31.830 [main] DEBUG - Parsing relationship: /xl/_rels/workbook.xml.rels
18:49:31.831 [main] DEBUG - Parsing relationship: /xl/worksheets/_rels/sheet1.xml.rels
18:49:31.831 [main] DEBUG - Parsing relationship: /_rels/.rels
19:20:19.147 [main] INFO  - Goto my account-->Click on Login.. 
19:20:19.402 [main] DEBUG - Parsing relationship: /xl/_rels/workbook.xml.rels
19:20:19.403 [main] DEBUG - Parsing relationship: /xl/worksheets/_rels/sheet1.xml.rels
19:20:19.405 [main] DEBUG - Parsing relationship: /_rels/.rels
19:20:19.457 [main] TRACE - Loading type system org.apache.poi.schemas.ooxml.system.ooxml
19:20:19.458 [main] TRACE - Loading type system org.apache.xmlbeans.metadata.system.sXMLCONFIG
19:20:19.458 [main] TRACE - Loading type system org.apache.xmlbeans.metadata.system.sXMLLANG
19:20:19.458 [main] TRACE - Loading type system org.apache.xmlbeans.metadata.system.sXMLSCHEMA
19:20:19.458 [main] TRACE - Loading type system org.apache.xmlbeans.metadata.system.sXMLTOOLS
19:20:19.458 [main] TRACE - Reading unresolved handles for type system org.apache.xmlbeans.metadata.system.sXMLTOOLS
19:20:19.462 [main] TRACE - Finished loading type system org.apache.xmlbeans.metadata.system.sXMLTOOLS
19:20:19.462 [main] TRACE - Reading unresolved handles for type system org.apache.xmlbeans.metadata.system.sXMLSCHEMA
19:20:19.465 [main] TRACE - Finished loading type system org.apache.xmlbeans.metadata.system.sXMLSCHEMA
19:20:19.465 [main] TRACE - Reading unresolved handles for type system org.apache.xmlbeans.metadata.system.sXMLLANG
19:20:19.466 [main] TRACE - Finished loading type system org.apache.xmlbeans.metadata.system.sXMLLANG
19:20:19.466 [main] TRACE - Reading unresolved handles for type system org.apache.xmlbeans.metadata.system.sXMLCONFIG
19:20:19.467 [main] TRACE - Finished loading type system org.apache.xmlbeans.metadata.system.sXMLCONFIG
19:20:19.467 [main] TRACE - Reading unresolved handles for type system org.apache.poi.schemas.ooxml.system.ooxml
19:20:19.505 [main] TRACE - Finished loading type system org.apache.poi.schemas.ooxml.system.ooxml
19:20:19.506 [main] TRACE - Resolving type for handle themefd26doctype
19:20:19.524 [main] TRACE - Resolving type for handle stylesheet5d8bdoctype
19:20:19.528 [main] TRACE - Resolving type for handle ctstylesheet4257type
19:20:19.531 [main] TRACE - Resolving type for handle ctcolors6579type
19:20:19.532 [main] TRACE - Resolving type for handle ctindexedcolorsa0a0type
19:20:19.533 [main] TRACE - Resolving type for handle ctrgbcolor95dftype
19:20:19.534 [main] TRACE - Resolving type for handle stunsignedinthex27datype
19:20:19.537 [main] TRACE - Resolving type for handle ctnumfmtsb58btype
19:20:19.538 [main] TRACE - Resolving type for handle ctnumfmt3870type
19:20:19.538 [main] TRACE - Resolving type for handle stnumfmtid76fbtype
19:20:19.540 [main] TRACE - Resolving type for handle stxstringf179type
19:20:19.541 [main] TRACE - Resolving type for handle ctfonts6623type
19:20:19.542 [main] TRACE - Resolving type for handle ctfont14d8type
19:20:19.543 [main] TRACE - Resolving type for handle ctfills2c6ftype
19:20:19.544 [main] TRACE - Resolving type for handle ctfill550ctype
19:20:19.545 [main] TRACE - Resolving type for handle ctborders0d66type
19:20:19.545 [main] TRACE - Resolving type for handle ctborderf935type
19:20:19.546 [main] TRACE - Resolving type for handle ctcellxfs1322type
19:20:19.547 [main] TRACE - Resolving type for handle ctxf97f7type
19:20:19.548 [main] TRACE - Resolving type for handle ctcellstylexfsa81ftype
19:20:19.549 [main] TRACE - Resolving type for handle sstf81fdoctype
19:20:19.551 [main] TRACE - Resolving type for handle ctsst44f3type
19:20:19.552 [main] TRACE - Resolving type for handle ctrsta472type
19:20:19.557 [main] TRACE - Resolving type for handle workbookec17doctype
19:20:19.559 [main] TRACE - Resolving type for handle ctworkbook83c3type
19:20:19.561 [main] TRACE - Resolving type for handle ctsheets49fdtype
19:20:19.561 [main] TRACE - Resolving type for handle ctsheet4dbetype
19:20:19.562 [main] TRACE - Resolving type for handle strelationshipid1e94type
19:20:19.562 [main] TRACE - Resolving type for handle worksheetf539doctype
19:20:19.564 [main] TRACE - Resolving type for handle ctworksheet530dtype
19:20:19.568 [main] TRACE - Resolving type for handle ctcols627ctype
19:20:19.569 [main] TRACE - Resolving type for handle ctcola95ftype
19:20:19.574 [main] TRACE - Resolving type for handle ctsheetdata8408type
19:20:19.575 [main] TRACE - Resolving type for handle ctrowdd39type
19:20:19.576 [main] TRACE - Resolving type for handle ctcell842btype
19:20:19.579 [main] TRACE - Resolving type for handle stcellrefe4e0type
19:20:19.580 [main] TRACE - Resolving type for handle cthyperlinks6416type
19:20:19.581 [main] TRACE - Resolving type for handle cthyperlink0c85type
19:20:19.584 [main] TRACE - Resolving type for handle stcelltypebf95type
19:20:22.473 [main] INFO  - Goto my account-->Click on Login.. 
19:20:22.690 [main] DEBUG - Parsing relationship: /xl/_rels/workbook.xml.rels
19:20:22.691 [main] DEBUG - Parsing relationship: /xl/worksheets/_rels/sheet1.xml.rels
19:20:22.691 [main] DEBUG - Parsing relationship: /_rels/.rels
19:20:35.205 [main] INFO  - Goto my account-->Click on Login.. 
19:20:35.398 [main] DEBUG - Parsing relationship: /xl/_rels/workbook.xml.rels
19:20:35.398 [main] DEBUG - Parsing relationship: /xl/worksheets/_rels/sheet1.xml.rels
19:20:35.399 [main] DEBUG - Parsing relationship: /_rels/.rels
19:20:47.886 [main] INFO  - Goto my account-->Click on Login.. 
19:20:48.084 [main] DEBUG - Parsing relationship: /xl/_rels/workbook.xml.rels
19:20:48.086 [main] DEBUG - Parsing relationship: /xl/worksheets/_rels/sheet1.xml.rels
19:20:48.086 [main] DEBUG - Parsing relationship: /_rels/.rels
19:21:00.850 [main] INFO  - Goto my account-->Click on Login.. 
19:21:01.031 [main] DEBUG - Parsing relationship: /xl/_rels/workbook.xml.rels
19:21:01.031 [main] DEBUG - Parsing relationship: /xl/worksheets/_rels/sheet1.xml.rels
19:21:01.031 [main] DEBUG - Parsing relationship: /_rels/.rels
18:25:29.105 [main] INFO  - Goto my account-->Click on Login.. 
18:25:29.343 [main] DEBUG - Parsing relationship: /xl/_rels/workbook.xml.rels
18:25:29.346 [main] DEBUG - Parsing relationship: /xl/worksheets/_rels/sheet1.xml.rels
18:25:29.347 [main] DEBUG - Parsing relationship: /_rels/.rels
18:25:29.394 [main] TRACE - Loading type system org.apache.poi.schemas.ooxml.system.ooxml
18:25:29.395 [main] TRACE - Loading type system org.apache.xmlbeans.metadata.system.sXMLCONFIG
18:25:29.395 [main] TRACE - Loading type system org.apache.xmlbeans.metadata.system.sXMLLANG
18:25:29.395 [main] TRACE - Loading type system org.apache.xmlbeans.metadata.system.sXMLSCHEMA
18:25:29.395 [main] TRACE - Loading type system org.apache.xmlbeans.metadata.system.sXMLTOOLS
18:25:29.396 [main] TRACE - Reading unresolved handles for type system org.apache.xmlbeans.metadata.system.sXMLTOOLS
18:25:29.399 [main] TRACE - Finished loading type system org.apache.xmlbeans.metadata.system.sXMLTOOLS
18:25:29.400 [main] TRACE - Reading unresolved handles for type system org.apache.xmlbeans.metadata.system.sXMLSCHEMA
18:25:29.402 [main] TRACE - Finished loading type system org.apache.xmlbeans.metadata.system.sXMLSCHEMA
18:25:29.402 [main] TRACE - Reading unresolved handles for type system org.apache.xmlbeans.metadata.system.sXMLLANG
18:25:29.403 [main] TRACE - Finished loading type system org.apache.xmlbeans.metadata.system.sXMLLANG
18:25:29.403 [main] TRACE - Reading unresolved handles for type system org.apache.xmlbeans.metadata.system.sXMLCONFIG
18:25:29.404 [main] TRACE - Finished loading type system org.apache.xmlbeans.metadata.system.sXMLCONFIG
18:25:29.404 [main] TRACE - Reading unresolved handles for type system org.apache.poi.schemas.ooxml.system.ooxml
18:25:29.440 [main] TRACE - Finished loading type system org.apache.poi.schemas.ooxml.system.ooxml
18:25:29.440 [main] TRACE - Resolving type for handle themefd26doctype
18:25:29.457 [main] TRACE - Resolving type for handle stylesheet5d8bdoctype
18:25:29.462 [main] TRACE - Resolving type for handle ctstylesheet4257type
18:25:29.464 [main] TRACE - Resolving type for handle ctcolors6579type
18:25:29.466 [main] TRACE - Resolving type for handle ctindexedcolorsa0a0type
18:25:29.467 [main] TRACE - Resolving type for handle ctrgbcolor95dftype
18:25:29.468 [main] TRACE - Resolving type for handle stunsignedinthex27datype
18:25:29.471 [main] TRACE - Resolving type for handle ctnumfmtsb58btype
18:25:29.472 [main] TRACE - Resolving type for handle ctnumfmt3870type
18:25:29.472 [main] TRACE - Resolving type for handle stnumfmtid76fbtype
18:25:29.474 [main] TRACE - Resolving type for handle stxstringf179type
18:25:29.475 [main] TRACE - Resolving type for handle ctfonts6623type
18:25:29.476 [main] TRACE - Resolving type for handle ctfont14d8type
18:25:29.478 [main] TRACE - Resolving type for handle ctfills2c6ftype
18:25:29.478 [main] TRACE - Resolving type for handle ctfill550ctype
18:25:29.479 [main] TRACE - Resolving type for handle ctborders0d66type
18:25:29.480 [main] TRACE - Resolving type for handle ctborderf935type
18:25:29.481 [main] TRACE - Resolving type for handle ctcellxfs1322type
18:25:29.481 [main] TRACE - Resolving type for handle ctxf97f7type
18:25:29.482 [main] TRACE - Resolving type for handle ctcellstylexfsa81ftype
18:25:29.484 [main] TRACE - Resolving type for handle sstf81fdoctype
18:25:29.485 [main] TRACE - Resolving type for handle ctsst44f3type
18:25:29.486 [main] TRACE - Resolving type for handle ctrsta472type
18:25:29.492 [main] TRACE - Resolving type for handle workbookec17doctype
18:25:29.493 [main] TRACE - Resolving type for handle ctworkbook83c3type
18:25:29.496 [main] TRACE - Resolving type for handle ctsheets49fdtype
18:25:29.497 [main] TRACE - Resolving type for handle ctsheet4dbetype
18:25:29.498 [main] TRACE - Resolving type for handle strelationshipid1e94type
18:25:29.498 [main] TRACE - Resolving type for handle worksheetf539doctype
18:25:29.500 [main] TRACE - Resolving type for handle ctworksheet530dtype
18:25:29.503 [main] TRACE - Resolving type for handle ctcols627ctype
18:25:29.504 [main] TRACE - Resolving type for handle ctcola95ftype
18:25:29.509 [main] TRACE - Resolving type for handle ctsheetdata8408type
18:25:29.510 [main] TRACE - Resolving type for handle ctrowdd39type
18:25:29.511 [main] TRACE - Resolving type for handle ctcell842btype
18:25:29.514 [main] TRACE - Resolving type for handle stcellrefe4e0type
18:25:29.515 [main] TRACE - Resolving type for handle cthyperlinks6416type
18:25:29.516 [main] TRACE - Resolving type for handle cthyperlink0c85type
18:25:29.518 [main] TRACE - Resolving type for handle stcelltypebf95type
18:25:32.190 [main] INFO  - Goto my account-->Click on Login.. 
18:25:32.394 [main] DEBUG - Parsing relationship: /xl/_rels/workbook.xml.rels
18:25:32.395 [main] DEBUG - Parsing relationship: /xl/worksheets/_rels/sheet1.xml.rels
18:25:32.395 [main] DEBUG - Parsing relationship: /_rels/.rels
18:25:44.791 [main] INFO  - Goto my account-->Click on Login.. 
18:25:44.993 [main] DEBUG - Parsing relationship: /xl/_rels/workbook.xml.rels
18:25:44.994 [main] DEBUG - Parsing relationship: /xl/worksheets/_rels/sheet1.xml.rels
18:25:44.994 [main] DEBUG - Parsing relationship: /_rels/.rels
18:25:57.387 [main] INFO  - Goto my account-->Click on Login.. 
18:25:57.588 [main] DEBUG - Parsing relationship: /xl/_rels/workbook.xml.rels
18:25:57.589 [main] DEBUG - Parsing relationship: /xl/worksheets/_rels/sheet1.xml.rels
18:25:57.589 [main] DEBUG - Parsing relationship: /_rels/.rels
18:26:09.971 [main] INFO  - Goto my account-->Click on Login.. 
18:26:10.188 [main] DEBUG - Parsing relationship: /xl/_rels/workbook.xml.rels
18:26:10.188 [main] DEBUG - Parsing relationship: /xl/worksheets/_rels/sheet1.xml.rels
18:26:10.189 [main] DEBUG - Parsing relationship: /_rels/.rels
16:41:54.212 [main] INFO  - Goto my account-->Click on Login.. 
16:41:54.506 [main] DEBUG - Parsing relationship: /xl/_rels/workbook.xml.rels
16:41:54.507 [main] DEBUG - Parsing relationship: /xl/worksheets/_rels/sheet1.xml.rels
16:41:54.508 [main] DEBUG - Parsing relationship: /_rels/.rels
16:41:54.553 [main] TRACE - Loading type system org.apache.poi.schemas.ooxml.system.ooxml
16:41:54.554 [main] TRACE - Loading type system org.apache.xmlbeans.metadata.system.sXMLCONFIG
16:41:54.554 [main] TRACE - Loading type system org.apache.xmlbeans.metadata.system.sXMLLANG
16:41:54.554 [main] TRACE - Loading type system org.apache.xmlbeans.metadata.system.sXMLSCHEMA
16:41:54.554 [main] TRACE - Loading type system org.apache.xmlbeans.metadata.system.sXMLTOOLS
16:41:54.554 [main] TRACE - Reading unresolved handles for type system org.apache.xmlbeans.metadata.system.sXMLTOOLS
16:41:54.558 [main] TRACE - Finished loading type system org.apache.xmlbeans.metadata.system.sXMLTOOLS
16:41:54.558 [main] TRACE - Reading unresolved handles for type system org.apache.xmlbeans.metadata.system.sXMLSCHEMA
16:41:54.561 [main] TRACE - Finished loading type system org.apache.xmlbeans.metadata.system.sXMLSCHEMA
16:41:54.561 [main] TRACE - Reading unresolved handles for type system org.apache.xmlbeans.metadata.system.sXMLLANG
16:41:54.561 [main] TRACE - Finished loading type system org.apache.xmlbeans.metadata.system.sXMLLANG
16:41:54.561 [main] TRACE - Reading unresolved handles for type system org.apache.xmlbeans.metadata.system.sXMLCONFIG
16:41:54.562 [main] TRACE - Finished loading type system org.apache.xmlbeans.metadata.system.sXMLCONFIG
16:41:54.562 [main] TRACE - Reading unresolved handles for type system org.apache.poi.schemas.ooxml.system.ooxml
16:41:54.596 [main] TRACE - Finished loading type system org.apache.poi.schemas.ooxml.system.ooxml
16:41:54.596 [main] TRACE - Resolving type for handle themefd26doctype
16:41:54.613 [main] TRACE - Resolving type for handle stylesheet5d8bdoctype
16:41:54.617 [main] TRACE - Resolving type for handle ctstylesheet4257type
16:41:54.620 [main] TRACE - Resolving type for handle ctcolors6579type
16:41:54.621 [main] TRACE - Resolving type for handle ctindexedcolorsa0a0type
16:41:54.622 [main] TRACE - Resolving type for handle ctrgbcolor95dftype
16:41:54.623 [main] TRACE - Resolving type for handle stunsignedinthex27datype
16:41:54.626 [main] TRACE - Resolving type for handle ctnumfmtsb58btype
16:41:54.627 [main] TRACE - Resolving type for handle ctnumfmt3870type
16:41:54.627 [main] TRACE - Resolving type for handle stnumfmtid76fbtype
16:41:54.629 [main] TRACE - Resolving type for handle stxstringf179type
16:41:54.630 [main] TRACE - Resolving type for handle ctfonts6623type
16:41:54.631 [main] TRACE - Resolving type for handle ctfont14d8type
16:41:54.632 [main] TRACE - Resolving type for handle ctfills2c6ftype
16:41:54.633 [main] TRACE - Resolving type for handle ctfill550ctype
16:41:54.634 [main] TRACE - Resolving type for handle ctborders0d66type
16:41:54.634 [main] TRACE - Resolving type for handle ctborderf935type
16:41:54.635 [main] TRACE - Resolving type for handle ctcellxfs1322type
16:41:54.636 [main] TRACE - Resolving type for handle ctxf97f7type
16:41:54.637 [main] TRACE - Resolving type for handle ctcellstylexfsa81ftype
16:41:54.638 [main] TRACE - Resolving type for handle sstf81fdoctype
16:41:54.639 [main] TRACE - Resolving type for handle ctsst44f3type
16:41:54.641 [main] TRACE - Resolving type for handle ctrsta472type
16:41:54.646 [main] TRACE - Resolving type for handle workbookec17doctype
16:41:54.648 [main] TRACE - Resolving type for handle ctworkbook83c3type
16:41:54.649 [main] TRACE - Resolving type for handle ctsheets49fdtype
16:41:54.650 [main] TRACE - Resolving type for handle ctsheet4dbetype
16:41:54.651 [main] TRACE - Resolving type for handle strelationshipid1e94type
16:41:54.651 [main] TRACE - Resolving type for handle worksheetf539doctype
16:41:54.653 [main] TRACE - Resolving type for handle ctworksheet530dtype
16:41:54.656 [main] TRACE - Resolving type for handle ctcols627ctype
16:41:54.657 [main] TRACE - Resolving type for handle ctcola95ftype
16:41:54.663 [main] TRACE - Resolving type for handle ctsheetdata8408type
16:41:54.663 [main] TRACE - Resolving type for handle ctrowdd39type
16:41:54.665 [main] TRACE - Resolving type for handle ctcell842btype
16:41:54.667 [main] TRACE - Resolving type for handle stcellrefe4e0type
16:41:54.669 [main] TRACE - Resolving type for handle cthyperlinks6416type
16:41:54.669 [main] TRACE - Resolving type for handle cthyperlink0c85type
16:41:54.671 [main] TRACE - Resolving type for handle stcelltypebf95type
16:41:57.749 [main] INFO  - Goto my account-->Click on Login.. 
16:41:57.991 [main] DEBUG - Parsing relationship: /xl/_rels/workbook.xml.rels
16:41:57.991 [main] DEBUG - Parsing relationship: /xl/worksheets/_rels/sheet1.xml.rels
16:41:57.992 [main] DEBUG - Parsing relationship: /_rels/.rels
16:42:13.708 [main] INFO  - Goto my account-->Click on Login.. 
16:42:13.912 [main] DEBUG - Parsing relationship: /xl/_rels/workbook.xml.rels
16:42:13.912 [main] DEBUG - Parsing relationship: /xl/worksheets/_rels/sheet1.xml.rels
16:42:13.913 [main] DEBUG - Parsing relationship: /_rels/.rels
16:42:26.891 [main] INFO  - Goto my account-->Click on Login.. 
16:42:27.096 [main] DEBUG - Parsing relationship: /xl/_rels/workbook.xml.rels
16:42:27.097 [main] DEBUG - Parsing relationship: /xl/worksheets/_rels/sheet1.xml.rels
16:42:27.097 [main] DEBUG - Parsing relationship: /_rels/.rels
16:42:42.042 [main] INFO  - Goto my account-->Click on Login.. 
16:42:42.261 [main] DEBUG - Parsing relationship: /xl/_rels/workbook.xml.rels
16:42:42.262 [main] DEBUG - Parsing relationship: /xl/worksheets/_rels/sheet1.xml.rels
16:42:42.263 [main] DEBUG - Parsing relationship: /_rels/.rels
